<?xml version="1.0" encoding="UTF-8"?>
<!-- Generated by org.testng.reporters.JUnitReportReporter -->
<testsuite skipped="0" hostname="DESKTOP-U5JPDRA" name="Extentreports.ExtentDemo" tests="1" failures="0" timestamp="27 Apr 2020 23:45:37 GMT" time="9.615" errors="0">
  <testcase name="extentReportsDemo" time="9.615" classname="Extentreports.ExtentDemo"/>
</testsuite> <!-- Extentreports.ExtentDemo -->
