<?xml version="1.0" encoding="UTF-8"?>
<!-- Generated by org.testng.reporters.JUnitReportReporter -->
<testsuite skipped="0" hostname="DESKTOP-U5JPDRA" name="com.wbl.test.ComparePageTest" tests="1" failures="0" timestamp="05 May 2020 20:43:35 GMT" time="21.683" errors="0">
  <testcase name="CountNoOfColumnsInTableTest" time="21.683" classname="com.wbl.test.ComparePageTest"/>
</testsuite> <!-- com.wbl.test.ComparePageTest -->
